<?xml version="1.0" encoding="UTF-8"?>
<testsuites>
  <testsuite name="" tests="2" assertions="2" errors="0" failures="0" skipped="0" time="0.272005">
    <testsuite name="Unit" tests="1" assertions="1" errors="0" failures="0" skipped="0" time="0.202986">
      <testsuite name="Tests\Unit\ExampleTest" file="/Users/joshuaisrael/Documents/unitedFolder/auth-wallet/tests/Unit/ExampleTest.php" tests="1" assertions="1" errors="0" failures="0" skipped="0" time="0.202986">
        <testcase name="testBasicTest" class="Tests\Unit\ExampleTest" classname="Tests.Unit.ExampleTest" file="/Users/joshuaisrael/Documents/unitedFolder/auth-wallet/tests/Unit/ExampleTest.php" line="15" assertions="1" time="0.202986"/>
      </testsuite>
    </testsuite>
    <testsuite name="Feature" tests="1" assertions="1" errors="0" failures="0" skipped="0" time="0.069019">
      <testsuite name="Tests\Feature\ExampleTest" file="/Users/joshuaisrael/Documents/unitedFolder/auth-wallet/tests/Feature/ExampleTest.php" tests="1" assertions="1" errors="0" failures="0" skipped="0" time="0.069019">
        <testcase name="testBasicTest" class="Tests\Feature\ExampleTest" classname="Tests.Feature.ExampleTest" file="/Users/joshuaisrael/Documents/unitedFolder/auth-wallet/tests/Feature/ExampleTest.php" line="15" assertions="1" time="0.069019"/>
      </testsuite>
    </testsuite>
  </testsuite>
</testsuites>
